This file contains any messages produced by compilers while
running configure, to aid debugging if configure makes a mistake.

It was created by swig configure 2.0.4, which was
generated by GNU Autoconf 2.68.  Invocation command line was

  $ ./configure 

## --------- ##
## Platform. ##
## --------- ##

hostname = craban4.ics.muni.cz
uname -m = x86_64
uname -r = 3.0.0-16-generic
uname -s = Linux
uname -v = #29-Ubuntu SMP Tue Feb 14 12:48:51 UTC 2012

/usr/bin/uname -p = unknown
/bin/uname -X     = unknown

/bin/arch              = unknown
/usr/bin/arch -k       = unknown
/usr/convex/getsysinfo = unknown
/usr/bin/hostinfo      = unknown
/bin/machine           = unknown
/usr/bin/oslevel       = unknown
/bin/universe          = unknown

PATH: /home/xpacula/Downloads/opennebula-client-utils/bin
PATH: /home/xpacula/bin
PATH: /usr/lib/lightdm/lightdm
PATH: /usr/local/sbin
PATH: /usr/local/bin
PATH: /usr/sbin
PATH: /usr/bin
PATH: /sbin
PATH: /bin
PATH: /usr/games


## ----------- ##
## Core tests. ##
## ----------- ##

configure:2613: checking build system type
configure:2627: result: x86_64-unknown-linux-gnu
configure:2647: checking host system type
configure:2660: result: x86_64-unknown-linux-gnu
configure:2696: checking for a BSD-compatible install
configure:2764: result: /usr/bin/install -c
configure:2775: checking whether build environment is sane
configure:2825: result: yes
configure:2966: checking for a thread-safe mkdir -p
configure:3005: result: /bin/mkdir -p
configure:3018: checking for gawk
configure:3034: found /usr/bin/gawk
configure:3045: result: gawk
configure:3056: checking whether make sets $(MAKE)
configure:3078: result: yes
configure:3209: checking for gcc
configure:3225: found /usr/bin/gcc
configure:3236: result: gcc
configure:3465: checking for C compiler version
configure:3474: gcc --version >&5
gcc (Ubuntu/Linaro 4.6.1-9ubuntu3) 4.6.1
Copyright (C) 2011 Free Software Foundation, Inc.
This is free software; see the source for copying conditions.  There is NO
warranty; not even for MERCHANTABILITY or FITNESS FOR A PARTICULAR PURPOSE.

configure:3485: $? = 0
configure:3474: gcc -v >&5
Using built-in specs.
COLLECT_GCC=gcc
COLLECT_LTO_WRAPPER=/usr/lib/gcc/x86_64-linux-gnu/4.6.1/lto-wrapper
Target: x86_64-linux-gnu
Configured with: ../src/configure -v --with-pkgversion='Ubuntu/Linaro 4.6.1-9ubuntu3' --with-bugurl=file:///usr/share/doc/gcc-4.6/README.Bugs --enable-languages=c,c++,fortran,objc,obj-c++,go --prefix=/usr --program-suffix=-4.6 --enable-shared --enable-linker-build-id --with-system-zlib --libexecdir=/usr/lib --without-included-gettext --enable-threads=posix --with-gxx-include-dir=/usr/include/c++/4.6 --libdir=/usr/lib --enable-nls --with-sysroot=/ --enable-clocale=gnu --enable-libstdcxx-debug --enable-libstdcxx-time=yes --enable-plugin --enable-objc-gc --disable-werror --with-arch-32=i686 --with-tune=generic --enable-checking=release --build=x86_64-linux-gnu --host=x86_64-linux-gnu --target=x86_64-linux-gnu
Thread model: posix
gcc version 4.6.1 (Ubuntu/Linaro 4.6.1-9ubuntu3) 
configure:3485: $? = 0
configure:3474: gcc -V >&5
gcc: error: unrecognized option '-V'
gcc: fatal error: no input files
compilation terminated.
configure:3485: $? = 4
configure:3474: gcc -qversion >&5
gcc: error: unrecognized option '-qversion'
gcc: fatal error: no input files
compilation terminated.
configure:3485: $? = 4
configure:3505: checking whether the C compiler works
configure:3527: gcc    conftest.c  >&5
configure:3531: $? = 0
configure:3579: result: yes
configure:3582: checking for C compiler default output file name
configure:3584: result: a.out
configure:3590: checking for suffix of executables
configure:3597: gcc -o conftest    conftest.c  >&5
configure:3601: $? = 0
configure:3623: result: 
configure:3645: checking whether we are cross compiling
configure:3653: gcc -o conftest    conftest.c  >&5
configure:3657: $? = 0
configure:3664: ./conftest
configure:3668: $? = 0
configure:3683: result: no
configure:3688: checking for suffix of object files
configure:3710: gcc -c   conftest.c >&5
configure:3714: $? = 0
configure:3735: result: o
configure:3739: checking whether we are using the GNU C compiler
configure:3758: gcc -c   conftest.c >&5
configure:3758: $? = 0
configure:3767: result: yes
configure:3776: checking whether gcc accepts -g
configure:3796: gcc -c -g  conftest.c >&5
configure:3796: $? = 0
configure:3837: result: yes
configure:3854: checking for gcc option to accept ISO C89
configure:3918: gcc  -c -g -O2  conftest.c >&5
configure:3918: $? = 0
configure:3931: result: none needed
configure:3962: checking for style of include used by make
configure:3990: result: GNU
configure:4015: checking dependency style of gcc
configure:4125: result: gcc3
configure:4198: checking for g++
configure:4214: found /usr/bin/g++
configure:4225: result: g++
configure:4252: checking for C++ compiler version
configure:4261: g++ --version >&5
g++ (Ubuntu/Linaro 4.6.1-9ubuntu3) 4.6.1
Copyright (C) 2011 Free Software Foundation, Inc.
This is free software; see the source for copying conditions.  There is NO
warranty; not even for MERCHANTABILITY or FITNESS FOR A PARTICULAR PURPOSE.

configure:4272: $? = 0
configure:4261: g++ -v >&5
Using built-in specs.
COLLECT_GCC=g++
COLLECT_LTO_WRAPPER=/usr/lib/gcc/x86_64-linux-gnu/4.6.1/lto-wrapper
Target: x86_64-linux-gnu
Configured with: ../src/configure -v --with-pkgversion='Ubuntu/Linaro 4.6.1-9ubuntu3' --with-bugurl=file:///usr/share/doc/gcc-4.6/README.Bugs --enable-languages=c,c++,fortran,objc,obj-c++,go --prefix=/usr --program-suffix=-4.6 --enable-shared --enable-linker-build-id --with-system-zlib --libexecdir=/usr/lib --without-included-gettext --enable-threads=posix --with-gxx-include-dir=/usr/include/c++/4.6 --libdir=/usr/lib --enable-nls --with-sysroot=/ --enable-clocale=gnu --enable-libstdcxx-debug --enable-libstdcxx-time=yes --enable-plugin --enable-objc-gc --disable-werror --with-arch-32=i686 --with-tune=generic --enable-checking=release --build=x86_64-linux-gnu --host=x86_64-linux-gnu --target=x86_64-linux-gnu
Thread model: posix
gcc version 4.6.1 (Ubuntu/Linaro 4.6.1-9ubuntu3) 
configure:4272: $? = 0
configure:4261: g++ -V >&5
g++: error: unrecognized option '-V'
g++: fatal error: no input files
compilation terminated.
configure:4272: $? = 4
configure:4261: g++ -qversion >&5
g++: error: unrecognized option '-qversion'
g++: fatal error: no input files
compilation terminated.
configure:4272: $? = 4
configure:4276: checking whether we are using the GNU C++ compiler
configure:4295: g++ -c   conftest.cpp >&5
configure:4295: $? = 0
configure:4304: result: yes
configure:4313: checking whether g++ accepts -g
configure:4333: g++ -c -g  conftest.cpp >&5
configure:4333: $? = 0
configure:4374: result: yes
configure:4399: checking dependency style of g++
configure:4509: result: gcc3
configure:4527: checking whether gcc and cc understand -c and -o together
configure:4558: gcc -c conftest.c -o conftest2.o >&5
configure:4562: $? = 0
configure:4568: gcc -c conftest.c -o conftest2.o >&5
configure:4572: $? = 0
configure:4583: cc -c conftest.c >&5
configure:4587: $? = 0
configure:4595: cc -c conftest.c -o conftest2.o >&5
configure:4599: $? = 0
configure:4605: cc -c conftest.c -o conftest2.o >&5
configure:4609: $? = 0
configure:4627: result: yes
configure:4654: checking maximum warning verbosity option
configure:4692: result: -Wall -W -ansi -pedantic for C++ -Wall -W -ansi -pedantic for C
configure:4715: checking how to run the C preprocessor
configure:4746: gcc -E  conftest.c
configure:4746: $? = 0
configure:4760: gcc -E  conftest.c
conftest.c:13:28: fatal error: ac_nonexistent.h: No such file or directory
compilation terminated.
configure:4760: $? = 1
configure: failed program was:
| /* confdefs.h */
| #define PACKAGE_NAME "swig"
| #define PACKAGE_TARNAME "swig"
| #define PACKAGE_VERSION "2.0.4"
| #define PACKAGE_STRING "swig 2.0.4"
| #define PACKAGE_BUGREPORT "http://www.swig.org"
| #define PACKAGE_URL ""
| #define PACKAGE "swig"
| #define VERSION "2.0.4"
| #define SWIG_CXX "g++"
| #define SWIG_PLATFORM "x86_64-unknown-linux-gnu"
| /* end confdefs.h.  */
| #include <ac_nonexistent.h>
configure:4785: result: gcc -E
configure:4805: gcc -E  conftest.c
configure:4805: $? = 0
configure:4819: gcc -E  conftest.c
conftest.c:13:28: fatal error: ac_nonexistent.h: No such file or directory
compilation terminated.
configure:4819: $? = 1
configure: failed program was:
| /* confdefs.h */
| #define PACKAGE_NAME "swig"
| #define PACKAGE_TARNAME "swig"
| #define PACKAGE_VERSION "2.0.4"
| #define PACKAGE_STRING "swig 2.0.4"
| #define PACKAGE_BUGREPORT "http://www.swig.org"
| #define PACKAGE_URL ""
| #define PACKAGE "swig"
| #define VERSION "2.0.4"
| #define SWIG_CXX "g++"
| #define SWIG_PLATFORM "x86_64-unknown-linux-gnu"
| /* end confdefs.h.  */
| #include <ac_nonexistent.h>
configure:4848: checking for grep that handles long lines and -e
configure:4906: result: /bin/grep
configure:4911: checking for egrep
configure:4973: result: /bin/grep -E
configure:4978: checking for ANSI C header files
configure:4998: gcc -c -g -O2 -Wall -W -ansi -pedantic  conftest.c >&5
configure:4998: $? = 0
configure:5071: gcc -o conftest -g -O2 -Wall -W -ansi -pedantic   conftest.c  >&5
configure:5071: $? = 0
configure:5071: ./conftest
configure:5071: $? = 0
configure:5082: result: yes
configure:5103: checking for sys/types.h
configure:5103: g++ -c -g -O2 -Wall -W -ansi -pedantic  conftest.cpp >&5
configure:5103: $? = 0
configure:5103: result: yes
configure:5103: checking for sys/stat.h
configure:5103: g++ -c -g -O2 -Wall -W -ansi -pedantic  conftest.cpp >&5
configure:5103: $? = 0
configure:5103: result: yes
configure:5103: checking for stdlib.h
configure:5103: g++ -c -g -O2 -Wall -W -ansi -pedantic  conftest.cpp >&5
configure:5103: $? = 0
configure:5103: result: yes
configure:5103: checking for string.h
configure:5103: g++ -c -g -O2 -Wall -W -ansi -pedantic  conftest.cpp >&5
configure:5103: $? = 0
configure:5103: result: yes
configure:5103: checking for memory.h
configure:5103: g++ -c -g -O2 -Wall -W -ansi -pedantic  conftest.cpp >&5
configure:5103: $? = 0
configure:5103: result: yes
configure:5103: checking for strings.h
configure:5103: g++ -c -g -O2 -Wall -W -ansi -pedantic  conftest.cpp >&5
configure:5103: $? = 0
configure:5103: result: yes
configure:5103: checking for inttypes.h
configure:5103: g++ -c -g -O2 -Wall -W -ansi -pedantic  conftest.cpp >&5
configure:5103: $? = 0
configure:5103: result: yes
configure:5103: checking for stdint.h
configure:5103: g++ -c -g -O2 -Wall -W -ansi -pedantic  conftest.cpp >&5
configure:5103: $? = 0
configure:5103: result: yes
configure:5103: checking for unistd.h
configure:5103: g++ -c -g -O2 -Wall -W -ansi -pedantic  conftest.cpp >&5
configure:5103: $? = 0
configure:5103: result: yes
configure:5115: checking for bool
configure:5115: g++ -c -g -O2 -Wall -W -ansi -pedantic  conftest.cpp >&5
configure:5115: $? = 0
configure:5115: g++ -c -g -O2 -Wall -W -ansi -pedantic  conftest.cpp >&5
conftest.cpp: In function 'int main()':
conftest.cpp:59:14: error: expected primary-expression before 'bool'
conftest.cpp:59:14: error: expected ')' before 'bool'
conftest.cpp:60:14: error: expected ')' before ';' token
conftest.cpp:60:14: error: expected ')' before ';' token
conftest.cpp:60:14: warning: suggest braces around empty body in an 'if' statement [-Wempty-body]
configure:5115: $? = 1
configure: failed program was:
| /* confdefs.h */
| #define PACKAGE_NAME "swig"
| #define PACKAGE_TARNAME "swig"
| #define PACKAGE_VERSION "2.0.4"
| #define PACKAGE_STRING "swig 2.0.4"
| #define PACKAGE_BUGREPORT "http://www.swig.org"
| #define PACKAGE_URL ""
| #define PACKAGE "swig"
| #define VERSION "2.0.4"
| #define SWIG_CXX "g++"
| #define SWIG_PLATFORM "x86_64-unknown-linux-gnu"
| #define STDC_HEADERS 1
| #define HAVE_SYS_TYPES_H 1
| #define HAVE_SYS_STAT_H 1
| #define HAVE_STDLIB_H 1
| #define HAVE_STRING_H 1
| #define HAVE_MEMORY_H 1
| #define HAVE_STRINGS_H 1
| #define HAVE_INTTYPES_H 1
| #define HAVE_STDINT_H 1
| #define HAVE_UNISTD_H 1
| /* end confdefs.h.  */
| #include <stdio.h>
| #ifdef HAVE_SYS_TYPES_H
| # include <sys/types.h>
| #endif
| #ifdef HAVE_SYS_STAT_H
| # include <sys/stat.h>
| #endif
| #ifdef STDC_HEADERS
| # include <stdlib.h>
| # include <stddef.h>
| #else
| # ifdef HAVE_STDLIB_H
| #  include <stdlib.h>
| # endif
| #endif
| #ifdef HAVE_STRING_H
| # if !defined STDC_HEADERS && defined HAVE_MEMORY_H
| #  include <memory.h>
| # endif
| # include <string.h>
| #endif
| #ifdef HAVE_STRINGS_H
| # include <strings.h>
| #endif
| #ifdef HAVE_INTTYPES_H
| # include <inttypes.h>
| #endif
| #ifdef HAVE_STDINT_H
| # include <stdint.h>
| #endif
| #ifdef HAVE_UNISTD_H
| # include <unistd.h>
| #endif
| int
| main ()
| {
| if (sizeof ((bool)))
| 	    return 0;
|   ;
|   return 0;
| }
configure:5115: result: yes
configure:5142: checking for popen
configure:5142: gcc -o conftest -g -O2 -Wall -W -ansi -pedantic   conftest.c  >&5
configure:5142: $? = 0
configure:5142: result: yes
configure:5166: checking whether to enable PCRE support
configure:5168: result: yes
configure:5172: checking whether to use local PCRE
configure:5181: result: no
configure:5184: checking for a sed that does not truncate output
configure:5248: result: /bin/sed
configure:5318: checking for pcre-config
configure:5336: found /usr/bin/pcre-config
configure:5348: result: /usr/bin/pcre-config
configure:5518: checking whether to enable ccache-swig
configure:5520: result: yes
configure:5542: checking for bison
configure:5558: found /usr/bin/bison
configure:5569: result: bison -y
configure:5624: checking for ranlib
configure:5640: found /usr/bin/ranlib
configure:5651: result: ranlib
configure:5677: checking for ar
configure:5693: found /usr/bin/ar
configure:5704: result: ar
configure:5721: checking for yodl2man
configure:5751: result: no
configure:5763: checking for yodl2html
configure:5793: result: no
configure:5857: checking for boostlib >= 1.20.0
configure:5926: g++ -c -g -O2 -Wall -W -ansi -pedantic    conftest.cpp >&5
conftest.cpp:27:33: fatal error: boost/version.hpp: No such file or directory
compilation terminated.
configure:5926: $? = 1
configure: failed program was:
| /* confdefs.h */
| #define PACKAGE_NAME "swig"
| #define PACKAGE_TARNAME "swig"
| #define PACKAGE_VERSION "2.0.4"
| #define PACKAGE_STRING "swig 2.0.4"
| #define PACKAGE_BUGREPORT "http://www.swig.org"
| #define PACKAGE_URL ""
| #define PACKAGE "swig"
| #define VERSION "2.0.4"
| #define SWIG_CXX "g++"
| #define SWIG_PLATFORM "x86_64-unknown-linux-gnu"
| #define STDC_HEADERS 1
| #define HAVE_SYS_TYPES_H 1
| #define HAVE_SYS_STAT_H 1
| #define HAVE_STDLIB_H 1
| #define HAVE_STRING_H 1
| #define HAVE_MEMORY_H 1
| #define HAVE_STRINGS_H 1
| #define HAVE_INTTYPES_H 1
| #define HAVE_STDINT_H 1
| #define HAVE_UNISTD_H 1
| #define HAVE_BOOL 1
| #define HAVE_POPEN 1
| #define HAVE_PCRE 1
| /* end confdefs.h.  */
| 
|     #include <boost/version.hpp>
| 
| int
| main ()
| {
| 
|     #if BOOST_VERSION >= 102000
|     // Everything is okay
|     #else
|     #  error Boost version is too old
|     #endif
| 
|   ;
|   return 0;
| }
configure:6032: g++ -c -g -O2 -Wall -W -ansi -pedantic    -I/include/boost-0 conftest.cpp >&5
conftest.cpp:27:37: fatal error: boost/version.hpp: No such file or directory
compilation terminated.
configure:6032: $? = 1
configure: failed program was:
| /* confdefs.h */
| #define PACKAGE_NAME "swig"
| #define PACKAGE_TARNAME "swig"
| #define PACKAGE_VERSION "2.0.4"
| #define PACKAGE_STRING "swig 2.0.4"
| #define PACKAGE_BUGREPORT "http://www.swig.org"
| #define PACKAGE_URL ""
| #define PACKAGE "swig"
| #define VERSION "2.0.4"
| #define SWIG_CXX "g++"
| #define SWIG_PLATFORM "x86_64-unknown-linux-gnu"
| #define STDC_HEADERS 1
| #define HAVE_SYS_TYPES_H 1
| #define HAVE_SYS_STAT_H 1
| #define HAVE_STDLIB_H 1
| #define HAVE_STRING_H 1
| #define HAVE_MEMORY_H 1
| #define HAVE_STRINGS_H 1
| #define HAVE_INTTYPES_H 1
| #define HAVE_STDINT_H 1
| #define HAVE_UNISTD_H 1
| #define HAVE_BOOL 1
| #define HAVE_POPEN 1
| #define HAVE_PCRE 1
| /* end confdefs.h.  */
| 
|         #include <boost/version.hpp>
| 
| int
| main ()
| {
| 
|         #if BOOST_VERSION >= 102000
|         // Everything is okay
|         #else
|         #  error Boost version is too old
|         #endif
| 
|   ;
|   return 0;
| }
configure:6051: We could not detect the boost libraries (version 1.20 or higher). If you have a staged boost library (still not installed) please specify $BOOST_ROOT in your environment and do not give a PATH to --with-boost option.  If you are sure you have boost installed, then check your version number looking in <boost/version.hpp>. See http://randspringer.de/boost for more documentation.
configure:6086: checking SO
configure:6097: result: .so
configure:6104: checking LDSHARED
configure:6153: result: gcc -shared
configure:6159: checking CXXSHARED
configure:6165: result: gcc -shared
configure:6169: checking TRYLINKINGWITHCXX
configure:6194: result: CXXSHARED= g++ -shared 
configure:6198: checking CCSHARED
configure:6217: result: -fpic
configure:6221: checking RPATH
configure:6232: result: -Xlinker -rpath $(exec_prefix)/lib -Xlinker -rpath .
configure:6238: checking LINKFORSHARED
configure:6252: result: -Xlinker -export-dynamic
configure:6256: checking PLATFLAGS
configure:6266: result: 
configure:6319: checking for dlopen in -ldl
configure:6344: gcc -o conftest -g -O2 -Wall -W -ansi -pedantic    conftest.c -ldl   -L/usr/lib/x86_64-linux-gnu -lpcre >&5
configure:6344: $? = 0
configure:6353: result: yes
configure:6364: checking for shl_load in -ldld
configure:6389: gcc -o conftest -g -O2 -Wall -W -ansi -pedantic    conftest.c -ldld  -ldl  -L/usr/lib/x86_64-linux-gnu -lpcre >&5
/usr/bin/ld: cannot find -ldld
collect2: ld returned 1 exit status
configure:6389: $? = 1
configure: failed program was:
| /* confdefs.h */
| #define PACKAGE_NAME "swig"
| #define PACKAGE_TARNAME "swig"
| #define PACKAGE_VERSION "2.0.4"
| #define PACKAGE_STRING "swig 2.0.4"
| #define PACKAGE_BUGREPORT "http://www.swig.org"
| #define PACKAGE_URL ""
| #define PACKAGE "swig"
| #define VERSION "2.0.4"
| #define SWIG_CXX "g++"
| #define SWIG_PLATFORM "x86_64-unknown-linux-gnu"
| #define STDC_HEADERS 1
| #define HAVE_SYS_TYPES_H 1
| #define HAVE_SYS_STAT_H 1
| #define HAVE_STDLIB_H 1
| #define HAVE_STRING_H 1
| #define HAVE_MEMORY_H 1
| #define HAVE_STRINGS_H 1
| #define HAVE_INTTYPES_H 1
| #define HAVE_STDINT_H 1
| #define HAVE_UNISTD_H 1
| #define HAVE_BOOL 1
| #define HAVE_POPEN 1
| #define HAVE_PCRE 1
| #define HAVE_LIBDL 1
| /* end confdefs.h.  */
| 
| /* Override any GCC internal prototype to avoid an error.
|    Use char because int might match the return type of a GCC
|    builtin and then its argument prototype would still apply.  */
| #ifdef __cplusplus
| extern "C"
| #endif
| char shl_load ();
| int
| main ()
| {
| return shl_load ();
|   ;
|   return 0;
| }
configure:6398: result: no
configure:6410: checking for library containing t_open
configure:6441: gcc -o conftest -g -O2 -Wall -W -ansi -pedantic    conftest.c -ldl  -L/usr/lib/x86_64-linux-gnu -lpcre >&5
/tmp/ccilnX3d.o: In function `main':
/home/xpacula/diploma/SWIG-Matlab/swig-2.0.4/conftest.c:38: undefined reference to `t_open'
collect2: ld returned 1 exit status
configure:6441: $? = 1
configure: failed program was:
| /* confdefs.h */
| #define PACKAGE_NAME "swig"
| #define PACKAGE_TARNAME "swig"
| #define PACKAGE_VERSION "2.0.4"
| #define PACKAGE_STRING "swig 2.0.4"
| #define PACKAGE_BUGREPORT "http://www.swig.org"
| #define PACKAGE_URL ""
| #define PACKAGE "swig"
| #define VERSION "2.0.4"
| #define SWIG_CXX "g++"
| #define SWIG_PLATFORM "x86_64-unknown-linux-gnu"
| #define STDC_HEADERS 1
| #define HAVE_SYS_TYPES_H 1
| #define HAVE_SYS_STAT_H 1
| #define HAVE_STDLIB_H 1
| #define HAVE_STRING_H 1
| #define HAVE_MEMORY_H 1
| #define HAVE_STRINGS_H 1
| #define HAVE_INTTYPES_H 1
| #define HAVE_STDINT_H 1
| #define HAVE_UNISTD_H 1
| #define HAVE_BOOL 1
| #define HAVE_POPEN 1
| #define HAVE_PCRE 1
| #define HAVE_LIBDL 1
| /* end confdefs.h.  */
| 
| /* Override any GCC internal prototype to avoid an error.
|    Use char because int might match the return type of a GCC
|    builtin and then its argument prototype would still apply.  */
| #ifdef __cplusplus
| extern "C"
| #endif
| char t_open ();
| int
| main ()
| {
| return t_open ();
|   ;
|   return 0;
| }
configure:6441: gcc -o conftest -g -O2 -Wall -W -ansi -pedantic    conftest.c -lnsl  -ldl  -L/usr/lib/x86_64-linux-gnu -lpcre >&5
/tmp/ccv8kOzj.o: In function `main':
/home/xpacula/diploma/SWIG-Matlab/swig-2.0.4/conftest.c:38: undefined reference to `t_open'
collect2: ld returned 1 exit status
configure:6441: $? = 1
configure: failed program was:
| /* confdefs.h */
| #define PACKAGE_NAME "swig"
| #define PACKAGE_TARNAME "swig"
| #define PACKAGE_VERSION "2.0.4"
| #define PACKAGE_STRING "swig 2.0.4"
| #define PACKAGE_BUGREPORT "http://www.swig.org"
| #define PACKAGE_URL ""
| #define PACKAGE "swig"
| #define VERSION "2.0.4"
| #define SWIG_CXX "g++"
| #define SWIG_PLATFORM "x86_64-unknown-linux-gnu"
| #define STDC_HEADERS 1
| #define HAVE_SYS_TYPES_H 1
| #define HAVE_SYS_STAT_H 1
| #define HAVE_STDLIB_H 1
| #define HAVE_STRING_H 1
| #define HAVE_MEMORY_H 1
| #define HAVE_STRINGS_H 1
| #define HAVE_INTTYPES_H 1
| #define HAVE_STDINT_H 1
| #define HAVE_UNISTD_H 1
| #define HAVE_BOOL 1
| #define HAVE_POPEN 1
| #define HAVE_PCRE 1
| #define HAVE_LIBDL 1
| /* end confdefs.h.  */
| 
| /* Override any GCC internal prototype to avoid an error.
|    Use char because int might match the return type of a GCC
|    builtin and then its argument prototype would still apply.  */
| #ifdef __cplusplus
| extern "C"
| #endif
| char t_open ();
| int
| main ()
| {
| return t_open ();
|   ;
|   return 0;
| }
configure:6458: result: no
configure:6466: checking for library containing gethostbyname
configure:6497: gcc -o conftest -g -O2 -Wall -W -ansi -pedantic    conftest.c -ldl  -L/usr/lib/x86_64-linux-gnu -lpcre >&5
configure:6497: $? = 0
configure:6514: result: none required
configure:6522: checking for library containing socket
configure:6553: gcc -o conftest -g -O2 -Wall -W -ansi -pedantic    conftest.c -ldl  -L/usr/lib/x86_64-linux-gnu -lpcre >&5
configure:6553: $? = 0
configure:6570: result: none required
configure:6579: checking for swill_init in -lswill
configure:6604: gcc -o conftest -g -O2 -Wall -W -ansi -pedantic    conftest.c -lswill  -ldl  -L/usr/lib/x86_64-linux-gnu -lpcre >&5
/usr/bin/ld: cannot find -lswill
collect2: ld returned 1 exit status
configure:6604: $? = 1
configure: failed program was:
| /* confdefs.h */
| #define PACKAGE_NAME "swig"
| #define PACKAGE_TARNAME "swig"
| #define PACKAGE_VERSION "2.0.4"
| #define PACKAGE_STRING "swig 2.0.4"
| #define PACKAGE_BUGREPORT "http://www.swig.org"
| #define PACKAGE_URL ""
| #define PACKAGE "swig"
| #define VERSION "2.0.4"
| #define SWIG_CXX "g++"
| #define SWIG_PLATFORM "x86_64-unknown-linux-gnu"
| #define STDC_HEADERS 1
| #define HAVE_SYS_TYPES_H 1
| #define HAVE_SYS_STAT_H 1
| #define HAVE_STDLIB_H 1
| #define HAVE_STRING_H 1
| #define HAVE_MEMORY_H 1
| #define HAVE_STRINGS_H 1
| #define HAVE_INTTYPES_H 1
| #define HAVE_STDINT_H 1
| #define HAVE_UNISTD_H 1
| #define HAVE_BOOL 1
| #define HAVE_POPEN 1
| #define HAVE_PCRE 1
| #define HAVE_LIBDL 1
| /* end confdefs.h.  */
| 
| /* Override any GCC internal prototype to avoid an error.
|    Use char because int might match the return type of a GCC
|    builtin and then its argument prototype would still apply.  */
| #ifdef __cplusplus
| extern "C"
| #endif
| char swill_init ();
| int
| main ()
| {
| return swill_init ();
|   ;
|   return 0;
| }
configure:6613: result: no
configure:6635: checking for main in -lieee
configure:6654: gcc -o conftest -g -O2 -Wall -W -ansi -pedantic    conftest.c -lieee  -ldl  -L/usr/lib/x86_64-linux-gnu -lpcre >&5
configure:6654: $? = 0
configure:6663: result: yes
configure:6669: checking for crypt in -lcrypt
configure:6694: gcc -o conftest -g -O2 -Wall -W -ansi -pedantic    conftest.c -lcrypt  -ldl  -L/usr/lib/x86_64-linux-gnu -lpcre >&5
configure:6694: $? = 0
configure:6703: result: yes
configure:6733: checking for X
configure:6841: gcc -E   conftest.c
configure:6841: $? = 0
configure:6872: gcc -o conftest -g -O2 -Wall -W -ansi -pedantic    conftest.c -lX11 -ldl  -L/usr/lib/x86_64-linux-gnu -lpcre >&5
configure:6872: $? = 0
configure:6922: result: libraries , headers 
configure:6933: gcc -E   conftest.c
conftest.c:27:28: fatal error: X11/XIntrinsic.h: No such file or directory
compilation terminated.
configure:6933: $? = 1
configure: failed program was:
| /* confdefs.h */
| #define PACKAGE_NAME "swig"
| #define PACKAGE_TARNAME "swig"
| #define PACKAGE_VERSION "2.0.4"
| #define PACKAGE_STRING "swig 2.0.4"
| #define PACKAGE_BUGREPORT "http://www.swig.org"
| #define PACKAGE_URL ""
| #define PACKAGE "swig"
| #define VERSION "2.0.4"
| #define SWIG_CXX "g++"
| #define SWIG_PLATFORM "x86_64-unknown-linux-gnu"
| #define STDC_HEADERS 1
| #define HAVE_SYS_TYPES_H 1
| #define HAVE_SYS_STAT_H 1
| #define HAVE_STDLIB_H 1
| #define HAVE_STRING_H 1
| #define HAVE_MEMORY_H 1
| #define HAVE_STRINGS_H 1
| #define HAVE_INTTYPES_H 1
| #define HAVE_STDINT_H 1
| #define HAVE_UNISTD_H 1
| #define HAVE_BOOL 1
| #define HAVE_POPEN 1
| #define HAVE_PCRE 1
| #define HAVE_LIBDL 1
| /* end confdefs.h.  */
| #include <X11/XIntrinsic.h>
configure:6946: checking for X11 header files
configure:6953: gcc -E   conftest.c
configure:6953: $? = 0
configure:6968: result: # no special path needed
configure:7110: checking for Tcl configuration
configure:7133: result: no
configure:7159: checking for Tcl header files
configure:7166: gcc -E   conftest.c
conftest.c:27:17: fatal error: tcl.h: No such file or directory
compilation terminated.
configure:7166: $? = 1
configure: failed program was:
| /* confdefs.h */
| #define PACKAGE_NAME "swig"
| #define PACKAGE_TARNAME "swig"
| #define PACKAGE_VERSION "2.0.4"
| #define PACKAGE_STRING "swig 2.0.4"
| #define PACKAGE_BUGREPORT "http://www.swig.org"
| #define PACKAGE_URL ""
| #define PACKAGE "swig"
| #define VERSION "2.0.4"
| #define SWIG_CXX "g++"
| #define SWIG_PLATFORM "x86_64-unknown-linux-gnu"
| #define STDC_HEADERS 1
| #define HAVE_SYS_TYPES_H 1
| #define HAVE_SYS_STAT_H 1
| #define HAVE_STDLIB_H 1
| #define HAVE_STRING_H 1
| #define HAVE_MEMORY_H 1
| #define HAVE_STRINGS_H 1
| #define HAVE_INTTYPES_H 1
| #define HAVE_STDINT_H 1
| #define HAVE_UNISTD_H 1
| #define HAVE_BOOL 1
| #define HAVE_POPEN 1
| #define HAVE_PCRE 1
| #define HAVE_LIBDL 1
| /* end confdefs.h.  */
| #include <tcl.h>
configure:7184: result: not found
configure:7192: checking for Tcl library
configure:7205: result: not found
configure:7267: checking for python
configure:7283: found /usr/bin/python
configure:7294: result: python
configure:7310: checking for Python prefix
configure:7313: result: /usr
configure:7315: checking for Python exec-prefix
configure:7318: result: /usr
configure:7325: checking for Python version
configure:7331: result: python2.7
configure:7336: checking for Python lib dir
configure:7343: result: lib
configure:7348: checking for Python header files
configure:7358: result: 
configure:7362: checking for Python library
configure:7375: result: /usr/lib/python2.7/config
configure:7434: checking for python3
configure:7464: result: no
configure:7434: checking for python3.0
configure:7464: result: no
configure:7434: checking for python3.1
configure:7464: result: no
configure:7482: checking for python3-config
configure:7512: result: no
configure:7482: checking for python3.0-config
configure:7512: result: no
configure:7482: checking for python3.1-config
configure:7512: result: no
configure:7674: checking for perl
configure:7690: found /usr/bin/perl
configure:7701: result: perl
configure:7719: checking for Perl5 header files
configure:7728: result: /usr/lib/perl/5.12/CORE
configure:7740: checking for Perl5 library
configure:7747: result: perl.so.5.12.4
configure:7750: checking for Perl5 compiler options
configure:7757: result: -D_REENTRANT -D_GNU_SOURCE -DDEBIAN -fno-strict-aliasing -pipe -fstack-protector -isystem /usr/local/include -D_LARGEFILE_SOURCE -D_FILE_OFFSET_BITS=64
configure:7814: checking for octave
configure:7844: result: no
configure:7857: checking for Octave header files
configure:7889: result: could not figure out how to run octave
configure:7935: checking for java
configure:7951: found /usr/bin/java
configure:7962: result: java
configure:7982: checking for javac
configure:7998: found /usr/bin/javac
configure:8009: result: javac
configure:8024: checking for java include file jni.h
configure:8049: result: /usr/lib/jvm/java-1.6.0-openjdk/include
configure:8062: checking for java include file jni_md.h
configure:8071: result: /usr/lib/jvm/java-1.6.0-openjdk/include
configure:8158: checking for gcj
configure:8188: result: no
configure:8205: checking for gcjh
configure:8235: result: no
configure:8310: checking for guile-config
configure:8343: result: no
configure:8380: checking for Guile header files
configure:8393: result: not found
configure:8397: checking for Guile library
configure:8409: result: not found
configure:8424: checking whether Guile's gh_ API works
configure:8431: gcc -o conftest -g -O2 -Wall -W       conftest.c -ldl  -L/usr/lib/x86_64-linux-gnu -lpcre -L -lguile >&5
conftest.c:27:22: fatal error: guile/gh.h: No such file or directory
compilation terminated.
configure:8431: $? = 1
configure: failed program was:
| /* confdefs.h */
| #define PACKAGE_NAME "swig"
| #define PACKAGE_TARNAME "swig"
| #define PACKAGE_VERSION "2.0.4"
| #define PACKAGE_STRING "swig 2.0.4"
| #define PACKAGE_BUGREPORT "http://www.swig.org"
| #define PACKAGE_URL ""
| #define PACKAGE "swig"
| #define VERSION "2.0.4"
| #define SWIG_CXX "g++"
| #define SWIG_PLATFORM "x86_64-unknown-linux-gnu"
| #define STDC_HEADERS 1
| #define HAVE_SYS_TYPES_H 1
| #define HAVE_SYS_STAT_H 1
| #define HAVE_STDLIB_H 1
| #define HAVE_STRING_H 1
| #define HAVE_MEMORY_H 1
| #define HAVE_STRINGS_H 1
| #define HAVE_INTTYPES_H 1
| #define HAVE_STDINT_H 1
| #define HAVE_UNISTD_H 1
| #define HAVE_BOOL 1
| #define HAVE_POPEN 1
| #define HAVE_PCRE 1
| #define HAVE_LIBDL 1
| /* end confdefs.h.  */
| #include <guile/gh.h>
|   int main() { SCM s; return gh_scm2int(s); }
configure:8440: result: no
configure:8443: checking whether Guile's SCM_ API works
configure:8450: gcc -o conftest -g -O2 -Wall -W       conftest.c -ldl  -L/usr/lib/x86_64-linux-gnu -lpcre -L -lguile >&5
conftest.c:27:22: fatal error: libguile.h: No such file or directory
compilation terminated.
configure:8450: $? = 1
configure: failed program was:
| /* confdefs.h */
| #define PACKAGE_NAME "swig"
| #define PACKAGE_TARNAME "swig"
| #define PACKAGE_VERSION "2.0.4"
| #define PACKAGE_STRING "swig 2.0.4"
| #define PACKAGE_BUGREPORT "http://www.swig.org"
| #define PACKAGE_URL ""
| #define PACKAGE "swig"
| #define VERSION "2.0.4"
| #define SWIG_CXX "g++"
| #define SWIG_PLATFORM "x86_64-unknown-linux-gnu"
| #define STDC_HEADERS 1
| #define HAVE_SYS_TYPES_H 1
| #define HAVE_SYS_STAT_H 1
| #define HAVE_STDLIB_H 1
| #define HAVE_STRING_H 1
| #define HAVE_MEMORY_H 1
| #define HAVE_STRINGS_H 1
| #define HAVE_INTTYPES_H 1
| #define HAVE_STDINT_H 1
| #define HAVE_UNISTD_H 1
| #define HAVE_BOOL 1
| #define HAVE_POPEN 1
| #define HAVE_PCRE 1
| #define HAVE_LIBDL 1
| /* end confdefs.h.  */
| #include <libguile.h>
|   int main() { SCM s; scm_slot_exists_p(SCM_BOOL_F, SCM_BOOL_F); return SCM_STRING_LENGTH(s); }
configure:8459: result: no
configure:8503: checking for mzscheme
configure:8536: result: no
configure:8548: checking for mzc
configure:8581: result: no
configure:8639: checking for ruby
configure:8655: found /usr/bin/ruby
configure:8666: result: ruby
configure:8681: checking for Ruby header files
configure:8690: result: /usr/lib/ruby/1.8/x86_64-linux
configure:8703: checking for Ruby library
configure:8751: result: -lruby1.8 in /usr/lib
configure:8814: checking for php5
configure:8844: result: no
configure:8814: checking for php
configure:8844: result: no
configure:8856: checking for PHP header files
configure:8877: result: found PHP , but only PHP 5 is supported
configure:8936: checking for Ocaml DL load generator
configure:8943: checking for ocamldlgen
configure:8973: result: no
configure:8986: checking for Ocaml package tool
configure:8993: checking for ocamlfind
configure:9023: result: no
configure:9036: checking for Ocaml compiler
configure:9043: checking for ocamlc
configure:9073: result: no
configure:9086: checking for Ocaml interpreter
configure:9093: checking for ocaml
configure:9120: result: yes
configure:9136: checking for Ocaml toplevel creator
configure:9143: checking for ocamlmktop
configure:9173: result: no
configure:9288: checking for pike
configure:9318: result: no
configure:9288: checking for pike7.6
configure:9318: result: no
configure:9288: checking for pike7.4
configure:9318: result: no
configure:9288: checking for pike7.2
configure:9318: result: no
configure:9454: checking for chicken
configure:9484: result: no
configure:9510: checking for csc
configure:9540: result: no
configure:9577: checking for csi
configure:9607: result: no
configure:9843: checking for gmcs
configure:9873: result: no
configure:9843: checking for mcs
configure:9873: result: no
configure:9843: checking for cscc
configure:9873: result: no
configure:10098: checking for lua
configure:10131: result: no
configure:10208: checking lua.h usability
configure:10208: gcc -c -g -O2 -Wall -W -ansi -pedantic   conftest.c >&5
conftest.c:60:17: fatal error: lua.h: No such file or directory
compilation terminated.
configure:10208: $? = 1
configure: failed program was:
| /* confdefs.h */
| #define PACKAGE_NAME "swig"
| #define PACKAGE_TARNAME "swig"
| #define PACKAGE_VERSION "2.0.4"
| #define PACKAGE_STRING "swig 2.0.4"
| #define PACKAGE_BUGREPORT "http://www.swig.org"
| #define PACKAGE_URL ""
| #define PACKAGE "swig"
| #define VERSION "2.0.4"
| #define SWIG_CXX "g++"
| #define SWIG_PLATFORM "x86_64-unknown-linux-gnu"
| #define STDC_HEADERS 1
| #define HAVE_SYS_TYPES_H 1
| #define HAVE_SYS_STAT_H 1
| #define HAVE_STDLIB_H 1
| #define HAVE_STRING_H 1
| #define HAVE_MEMORY_H 1
| #define HAVE_STRINGS_H 1
| #define HAVE_INTTYPES_H 1
| #define HAVE_STDINT_H 1
| #define HAVE_UNISTD_H 1
| #define HAVE_BOOL 1
| #define HAVE_POPEN 1
| #define HAVE_PCRE 1
| #define HAVE_LIBDL 1
| /* end confdefs.h.  */
| #include <stdio.h>
| #ifdef HAVE_SYS_TYPES_H
| # include <sys/types.h>
| #endif
| #ifdef HAVE_SYS_STAT_H
| # include <sys/stat.h>
| #endif
| #ifdef STDC_HEADERS
| # include <stdlib.h>
| # include <stddef.h>
| #else
| # ifdef HAVE_STDLIB_H
| #  include <stdlib.h>
| # endif
| #endif
| #ifdef HAVE_STRING_H
| # if !defined STDC_HEADERS && defined HAVE_MEMORY_H
| #  include <memory.h>
| # endif
| # include <string.h>
| #endif
| #ifdef HAVE_STRINGS_H
| # include <strings.h>
| #endif
| #ifdef HAVE_INTTYPES_H
| # include <inttypes.h>
| #endif
| #ifdef HAVE_STDINT_H
| # include <stdint.h>
| #endif
| #ifdef HAVE_UNISTD_H
| # include <unistd.h>
| #endif
| #include <lua.h>
configure:10208: result: no
configure:10208: checking lua.h presence
configure:10208: gcc -E   conftest.c
conftest.c:27:17: fatal error: lua.h: No such file or directory
compilation terminated.
configure:10208: $? = 1
configure: failed program was:
| /* confdefs.h */
| #define PACKAGE_NAME "swig"
| #define PACKAGE_TARNAME "swig"
| #define PACKAGE_VERSION "2.0.4"
| #define PACKAGE_STRING "swig 2.0.4"
| #define PACKAGE_BUGREPORT "http://www.swig.org"
| #define PACKAGE_URL ""
| #define PACKAGE "swig"
| #define VERSION "2.0.4"
| #define SWIG_CXX "g++"
| #define SWIG_PLATFORM "x86_64-unknown-linux-gnu"
| #define STDC_HEADERS 1
| #define HAVE_SYS_TYPES_H 1
| #define HAVE_SYS_STAT_H 1
| #define HAVE_STDLIB_H 1
| #define HAVE_STRING_H 1
| #define HAVE_MEMORY_H 1
| #define HAVE_STRINGS_H 1
| #define HAVE_INTTYPES_H 1
| #define HAVE_STDINT_H 1
| #define HAVE_UNISTD_H 1
| #define HAVE_BOOL 1
| #define HAVE_POPEN 1
| #define HAVE_PCRE 1
| #define HAVE_LIBDL 1
| /* end confdefs.h.  */
| #include <lua.h>
configure:10208: result: no
configure:10208: checking for lua.h
configure:10208: result: no
configure:10218: checking for lua.h in other locations
configure:10232: result: not found
configure:10268: checking for library containing lua_close
configure:10299: gcc -o conftest -g -O2 -Wall -W -ansi -pedantic    conftest.c -ldl  -L/usr/lib/x86_64-linux-gnu -lpcre >&5
/tmp/cclXdx9r.o: In function `main':
/home/xpacula/diploma/SWIG-Matlab/swig-2.0.4/conftest.c:38: undefined reference to `lua_close'
collect2: ld returned 1 exit status
configure:10299: $? = 1
configure: failed program was:
| /* confdefs.h */
| #define PACKAGE_NAME "swig"
| #define PACKAGE_TARNAME "swig"
| #define PACKAGE_VERSION "2.0.4"
| #define PACKAGE_STRING "swig 2.0.4"
| #define PACKAGE_BUGREPORT "http://www.swig.org"
| #define PACKAGE_URL ""
| #define PACKAGE "swig"
| #define VERSION "2.0.4"
| #define SWIG_CXX "g++"
| #define SWIG_PLATFORM "x86_64-unknown-linux-gnu"
| #define STDC_HEADERS 1
| #define HAVE_SYS_TYPES_H 1
| #define HAVE_SYS_STAT_H 1
| #define HAVE_STDLIB_H 1
| #define HAVE_STRING_H 1
| #define HAVE_MEMORY_H 1
| #define HAVE_STRINGS_H 1
| #define HAVE_INTTYPES_H 1
| #define HAVE_STDINT_H 1
| #define HAVE_UNISTD_H 1
| #define HAVE_BOOL 1
| #define HAVE_POPEN 1
| #define HAVE_PCRE 1
| #define HAVE_LIBDL 1
| /* end confdefs.h.  */
| 
| /* Override any GCC internal prototype to avoid an error.
|    Use char because int might match the return type of a GCC
|    builtin and then its argument prototype would still apply.  */
| #ifdef __cplusplus
| extern "C"
| #endif
| char lua_close ();
| int
| main ()
| {
| return lua_close ();
|   ;
|   return 0;
| }
configure:10299: gcc -o conftest -g -O2 -Wall -W -ansi -pedantic    conftest.c -llua  -ldl  -L/usr/lib/x86_64-linux-gnu -lpcre >&5
/usr/bin/ld: cannot find -llua
collect2: ld returned 1 exit status
configure:10299: $? = 1
configure: failed program was:
| /* confdefs.h */
| #define PACKAGE_NAME "swig"
| #define PACKAGE_TARNAME "swig"
| #define PACKAGE_VERSION "2.0.4"
| #define PACKAGE_STRING "swig 2.0.4"
| #define PACKAGE_BUGREPORT "http://www.swig.org"
| #define PACKAGE_URL ""
| #define PACKAGE "swig"
| #define VERSION "2.0.4"
| #define SWIG_CXX "g++"
| #define SWIG_PLATFORM "x86_64-unknown-linux-gnu"
| #define STDC_HEADERS 1
| #define HAVE_SYS_TYPES_H 1
| #define HAVE_SYS_STAT_H 1
| #define HAVE_STDLIB_H 1
| #define HAVE_STRING_H 1
| #define HAVE_MEMORY_H 1
| #define HAVE_STRINGS_H 1
| #define HAVE_INTTYPES_H 1
| #define HAVE_STDINT_H 1
| #define HAVE_UNISTD_H 1
| #define HAVE_BOOL 1
| #define HAVE_POPEN 1
| #define HAVE_PCRE 1
| #define HAVE_LIBDL 1
| /* end confdefs.h.  */
| 
| /* Override any GCC internal prototype to avoid an error.
|    Use char because int might match the return type of a GCC
|    builtin and then its argument prototype would still apply.  */
| #ifdef __cplusplus
| extern "C"
| #endif
| char lua_close ();
| int
| main ()
| {
| return lua_close ();
|   ;
|   return 0;
| }
configure:10299: gcc -o conftest -g -O2 -Wall -W -ansi -pedantic    conftest.c -llua51  -ldl  -L/usr/lib/x86_64-linux-gnu -lpcre >&5
/usr/bin/ld: cannot find -llua51
collect2: ld returned 1 exit status
configure:10299: $? = 1
configure: failed program was:
| /* confdefs.h */
| #define PACKAGE_NAME "swig"
| #define PACKAGE_TARNAME "swig"
| #define PACKAGE_VERSION "2.0.4"
| #define PACKAGE_STRING "swig 2.0.4"
| #define PACKAGE_BUGREPORT "http://www.swig.org"
| #define PACKAGE_URL ""
| #define PACKAGE "swig"
| #define VERSION "2.0.4"
| #define SWIG_CXX "g++"
| #define SWIG_PLATFORM "x86_64-unknown-linux-gnu"
| #define STDC_HEADERS 1
| #define HAVE_SYS_TYPES_H 1
| #define HAVE_SYS_STAT_H 1
| #define HAVE_STDLIB_H 1
| #define HAVE_STRING_H 1
| #define HAVE_MEMORY_H 1
| #define HAVE_STRINGS_H 1
| #define HAVE_INTTYPES_H 1
| #define HAVE_STDINT_H 1
| #define HAVE_UNISTD_H 1
| #define HAVE_BOOL 1
| #define HAVE_POPEN 1
| #define HAVE_PCRE 1
| #define HAVE_LIBDL 1
| /* end confdefs.h.  */
| 
| /* Override any GCC internal prototype to avoid an error.
|    Use char because int might match the return type of a GCC
|    builtin and then its argument prototype would still apply.  */
| #ifdef __cplusplus
| extern "C"
| #endif
| char lua_close ();
| int
| main ()
| {
| return lua_close ();
|   ;
|   return 0;
| }
configure:10299: gcc -o conftest -g -O2 -Wall -W -ansi -pedantic    conftest.c -llua5.1  -ldl  -L/usr/lib/x86_64-linux-gnu -lpcre >&5
/usr/bin/ld: cannot find -llua5.1
collect2: ld returned 1 exit status
configure:10299: $? = 1
configure: failed program was:
| /* confdefs.h */
| #define PACKAGE_NAME "swig"
| #define PACKAGE_TARNAME "swig"
| #define PACKAGE_VERSION "2.0.4"
| #define PACKAGE_STRING "swig 2.0.4"
| #define PACKAGE_BUGREPORT "http://www.swig.org"
| #define PACKAGE_URL ""
| #define PACKAGE "swig"
| #define VERSION "2.0.4"
| #define SWIG_CXX "g++"
| #define SWIG_PLATFORM "x86_64-unknown-linux-gnu"
| #define STDC_HEADERS 1
| #define HAVE_SYS_TYPES_H 1
| #define HAVE_SYS_STAT_H 1
| #define HAVE_STDLIB_H 1
| #define HAVE_STRING_H 1
| #define HAVE_MEMORY_H 1
| #define HAVE_STRINGS_H 1
| #define HAVE_INTTYPES_H 1
| #define HAVE_STDINT_H 1
| #define HAVE_UNISTD_H 1
| #define HAVE_BOOL 1
| #define HAVE_POPEN 1
| #define HAVE_PCRE 1
| #define HAVE_LIBDL 1
| /* end confdefs.h.  */
| 
| /* Override any GCC internal prototype to avoid an error.
|    Use char because int might match the return type of a GCC
|    builtin and then its argument prototype would still apply.  */
| #ifdef __cplusplus
| extern "C"
| #endif
| char lua_close ();
| int
| main ()
| {
| return lua_close ();
|   ;
|   return 0;
| }
configure:10299: gcc -o conftest -g -O2 -Wall -W -ansi -pedantic    conftest.c -llua50  -ldl  -L/usr/lib/x86_64-linux-gnu -lpcre >&5
/usr/bin/ld: cannot find -llua50
collect2: ld returned 1 exit status
configure:10299: $? = 1
configure: failed program was:
| /* confdefs.h */
| #define PACKAGE_NAME "swig"
| #define PACKAGE_TARNAME "swig"
| #define PACKAGE_VERSION "2.0.4"
| #define PACKAGE_STRING "swig 2.0.4"
| #define PACKAGE_BUGREPORT "http://www.swig.org"
| #define PACKAGE_URL ""
| #define PACKAGE "swig"
| #define VERSION "2.0.4"
| #define SWIG_CXX "g++"
| #define SWIG_PLATFORM "x86_64-unknown-linux-gnu"
| #define STDC_HEADERS 1
| #define HAVE_SYS_TYPES_H 1
| #define HAVE_SYS_STAT_H 1
| #define HAVE_STDLIB_H 1
| #define HAVE_STRING_H 1
| #define HAVE_MEMORY_H 1
| #define HAVE_STRINGS_H 1
| #define HAVE_INTTYPES_H 1
| #define HAVE_STDINT_H 1
| #define HAVE_UNISTD_H 1
| #define HAVE_BOOL 1
| #define HAVE_POPEN 1
| #define HAVE_PCRE 1
| #define HAVE_LIBDL 1
| /* end confdefs.h.  */
| 
| /* Override any GCC internal prototype to avoid an error.
|    Use char because int might match the return type of a GCC
|    builtin and then its argument prototype would still apply.  */
| #ifdef __cplusplus
| extern "C"
| #endif
| char lua_close ();
| int
| main ()
| {
| return lua_close ();
|   ;
|   return 0;
| }
configure:10299: gcc -o conftest -g -O2 -Wall -W -ansi -pedantic    conftest.c -llua5.0  -ldl  -L/usr/lib/x86_64-linux-gnu -lpcre >&5
/usr/bin/ld: cannot find -llua5.0
collect2: ld returned 1 exit status
configure:10299: $? = 1
configure: failed program was:
| /* confdefs.h */
| #define PACKAGE_NAME "swig"
| #define PACKAGE_TARNAME "swig"
| #define PACKAGE_VERSION "2.0.4"
| #define PACKAGE_STRING "swig 2.0.4"
| #define PACKAGE_BUGREPORT "http://www.swig.org"
| #define PACKAGE_URL ""
| #define PACKAGE "swig"
| #define VERSION "2.0.4"
| #define SWIG_CXX "g++"
| #define SWIG_PLATFORM "x86_64-unknown-linux-gnu"
| #define STDC_HEADERS 1
| #define HAVE_SYS_TYPES_H 1
| #define HAVE_SYS_STAT_H 1
| #define HAVE_STDLIB_H 1
| #define HAVE_STRING_H 1
| #define HAVE_MEMORY_H 1
| #define HAVE_STRINGS_H 1
| #define HAVE_INTTYPES_H 1
| #define HAVE_STDINT_H 1
| #define HAVE_UNISTD_H 1
| #define HAVE_BOOL 1
| #define HAVE_POPEN 1
| #define HAVE_PCRE 1
| #define HAVE_LIBDL 1
| /* end confdefs.h.  */
| 
| /* Override any GCC internal prototype to avoid an error.
|    Use char because int might match the return type of a GCC
|    builtin and then its argument prototype would still apply.  */
| #ifdef __cplusplus
| extern "C"
| #endif
| char lua_close ();
| int
| main ()
| {
| return lua_close ();
|   ;
|   return 0;
| }
configure:10316: result: no
configure:10368: checking for alisp
configure:10401: result: no
configure:10437: checking for clisp
configure:10470: result: no
configure:10506: checking for R
configure:10539: result: no
configure:10574: checking for 6g
configure:10604: result: no
configure:10574: checking for 8g
configure:10604: result: no
configure:10574: checking for gccgo
configure:10604: result: no
configure:10685: checking for dmd
configure:10715: result: no
configure:10685: checking for ldmd
configure:10715: result: no
configure:10685: checking for gdmd
configure:10715: result: no
configure:10770: checking for dmd
configure:10800: result: no
configure:10770: checking for gdmd
configure:10800: result: no
configure:11250: creating ./config.status

## ---------------------- ##
## Running config.status. ##
## ---------------------- ##

This file was extended by swig config.status 2.0.4, which was
generated by GNU Autoconf 2.68.  Invocation command line was

  CONFIG_FILES    = 
  CONFIG_HEADERS  = 
  CONFIG_LINKS    = 
  CONFIG_COMMANDS = 
  $ ./config.status 

on craban4.ics.muni.cz

config.status:1075: creating Makefile
config.status:1075: creating swig.spec
config.status:1075: creating Source/Makefile
config.status:1075: creating Examples/Makefile
config.status:1075: creating Examples/guile/Makefile
config.status:1075: creating Examples/xml/Makefile
config.status:1075: creating Examples/test-suite/chicken/Makefile
config.status:1075: creating Examples/test-suite/csharp/Makefile
config.status:1075: creating Examples/test-suite/d/Makefile
config.status:1075: creating Examples/test-suite/guile/Makefile
config.status:1075: creating Examples/test-suite/guilescm/Makefile
config.status:1075: creating Examples/test-suite/java/Makefile
config.status:1075: creating Examples/test-suite/mzscheme/Makefile
config.status:1075: creating Examples/test-suite/ocaml/Makefile
config.status:1075: creating Examples/test-suite/octave/Makefile
config.status:1075: creating Examples/test-suite/perl5/Makefile
config.status:1075: creating Examples/test-suite/php/Makefile
config.status:1075: creating Examples/test-suite/pike/Makefile
config.status:1075: creating Examples/test-suite/python/Makefile
config.status:1075: creating Examples/test-suite/ruby/Makefile
config.status:1075: creating Examples/test-suite/tcl/Makefile
config.status:1075: creating Examples/test-suite/lua/Makefile
config.status:1075: creating Examples/test-suite/allegrocl/Makefile
config.status:1075: creating Examples/test-suite/clisp/Makefile
config.status:1075: creating Examples/test-suite/cffi/Makefile
config.status:1075: creating Examples/test-suite/uffi/Makefile
config.status:1075: creating Examples/test-suite/r/Makefile
config.status:1075: creating Examples/test-suite/go/Makefile
config.status:1075: creating Lib/ocaml/swigp4.ml
config.status:1075: creating preinst-swig
config.status:1075: creating CCache/ccache_swig_config.h
config.status:1075: creating Source/Include/swigconfig.h
config.status:1304: executing depfiles commands
configure:12677: === configuring in CCache (/home/xpacula/diploma/SWIG-Matlab/swig-2.0.4/CCache)
configure:12740: running /bin/bash ./configure --disable-option-checking '--prefix=/usr/local'  --cache-file=/dev/null --srcdir=.

## ---------------- ##
## Cache variables. ##
## ---------------- ##

ac_cv_build=x86_64-unknown-linux-gnu
ac_cv_c_compiler_gnu=yes
ac_cv_cxx_compiler_gnu=yes
ac_cv_env_CCC_set=
ac_cv_env_CCC_value=
ac_cv_env_CC_set=
ac_cv_env_CC_value=
ac_cv_env_CFLAGS_set=
ac_cv_env_CFLAGS_value=
ac_cv_env_CPPFLAGS_set=
ac_cv_env_CPPFLAGS_value=
ac_cv_env_CPP_set=
ac_cv_env_CPP_value=
ac_cv_env_CXXFLAGS_set=
ac_cv_env_CXXFLAGS_value=
ac_cv_env_CXX_set=
ac_cv_env_CXX_value=
ac_cv_env_LDFLAGS_set=
ac_cv_env_LDFLAGS_value=
ac_cv_env_LIBS_set=
ac_cv_env_LIBS_value=
ac_cv_env_PCRE_CFLAGS_set=
ac_cv_env_PCRE_CFLAGS_value=
ac_cv_env_PCRE_CONFIG_set=
ac_cv_env_PCRE_CONFIG_value=
ac_cv_env_PCRE_LIBS_set=
ac_cv_env_PCRE_LIBS_value=
ac_cv_env_XMKMF_set=
ac_cv_env_XMKMF_value=
ac_cv_env_YACC_set=
ac_cv_env_YACC_value=
ac_cv_env_YFLAGS_set=
ac_cv_env_YFLAGS_value=
ac_cv_env_build_alias_set=
ac_cv_env_build_alias_value=
ac_cv_env_host_alias_set=
ac_cv_env_host_alias_value=
ac_cv_env_target_alias_set=
ac_cv_env_target_alias_value=
ac_cv_func_popen=yes
ac_cv_have_x='have_x=yes	ac_x_includes='\'''\''	ac_x_libraries='\'''\'''
ac_cv_header_inttypes_h=yes
ac_cv_header_lua_h=no
ac_cv_header_memory_h=yes
ac_cv_header_stdc=yes
ac_cv_header_stdint_h=yes
ac_cv_header_stdlib_h=yes
ac_cv_header_string_h=yes
ac_cv_header_strings_h=yes
ac_cv_header_sys_stat_h=yes
ac_cv_header_sys_types_h=yes
ac_cv_header_unistd_h=yes
ac_cv_host=x86_64-unknown-linux-gnu
ac_cv_lib_crypt_crypt=yes
ac_cv_lib_dl_dlopen=yes
ac_cv_lib_dld_shl_load=no
ac_cv_lib_ieee_main=yes
ac_cv_lib_swill_swill_init=no
ac_cv_objext=o
ac_cv_path_EGREP='/bin/grep -E'
ac_cv_path_GREP=/bin/grep
ac_cv_path_PCRE_CONFIG=/usr/bin/pcre-config
ac_cv_path_SED=/bin/sed
ac_cv_path_install='/usr/bin/install -c'
ac_cv_path_mkdir=/bin/mkdir
ac_cv_prog_AR=ar
ac_cv_prog_AWK=gawk
ac_cv_prog_CPP='gcc -E'
ac_cv_prog_JAVA=java
ac_cv_prog_JAVAC=javac
ac_cv_prog_OCAMLBIN=yes
ac_cv_prog_PERL=perl
ac_cv_prog_PYTHON=python
ac_cv_prog_RUBY=ruby
ac_cv_prog_YACC='bison -y'
ac_cv_prog_ac_ct_CC=gcc
ac_cv_prog_ac_ct_CXX=g++
ac_cv_prog_ac_ct_RANLIB=ranlib
ac_cv_prog_cc_c89=
ac_cv_prog_cc_g=yes
ac_cv_prog_cc_gcc_c_o=yes
ac_cv_prog_cxx_g=yes
ac_cv_prog_make_make_set=yes
ac_cv_search_gethostbyname='none required'
ac_cv_search_lua_close=no
ac_cv_search_socket='none required'
ac_cv_search_t_open=no
ac_cv_type_bool=yes
am_cv_CC_dependencies_compiler_type=gcc3
am_cv_CXX_dependencies_compiler_type=gcc3

## ----------------- ##
## Output variables. ##
## ----------------- ##

ACLOCAL='${SHELL} /home/xpacula/diploma/SWIG-Matlab/swig-2.0.4/Tools/config/missing --run aclocal-1.11'
ALLEGROCLBIN=''
AMDEPBACKSLASH='\'
AMDEP_FALSE='#'
AMDEP_TRUE=''
AMTAR='${SHELL} /home/xpacula/diploma/SWIG-Matlab/swig-2.0.4/Tools/config/missing --run tar'
AR='ar'
AUTOCONF='${SHELL} /home/xpacula/diploma/SWIG-Matlab/swig-2.0.4/Tools/config/missing --run autoconf'
AUTOHEADER='${SHELL} /home/xpacula/diploma/SWIG-Matlab/swig-2.0.4/Tools/config/missing --run autoheader'
AUTOMAKE='${SHELL} /home/xpacula/diploma/SWIG-Matlab/swig-2.0.4/Tools/config/missing --run automake-1.11'
AWK='gawk'
BOOST_CPPFLAGS='-I/include/boost-0'
BOOST_LDFLAGS='-L/lib64'
CC='gcc'
CCDEPMODE='depmode=gcc3'
CCSHARED='-fpic'
CFLAGS='-g -O2 -Wall -W -ansi -pedantic'
CHICKEN=''
CHICKENLIB=''
CHICKENOPTS=''
CHICKENSHAREDLIB=''
CHICKEN_CSC=''
CHICKEN_CSI=''
CLISPBIN=''
CPP='gcc -E'
CPPFLAGS=' '
CSHARPCFLAGS=''
CSHARPCILINTERPRETER=''
CSHARPCILINTERPRETER_FLAGS=''
CSHARPCOMPILER=''
CSHARPCYGPATH_W='echo'
CSHARPDYNAMICLINKING=''
CSHARPLIBRARYPREFIX='lib'
CSHARPPATHSEPARATOR='/'
CSHARPSO='.so'
CXX='g++'
CXXDEPMODE='depmode=gcc3'
CXXFLAGS='-g -O2 -Wall -W -ansi -pedantic'
CXXSHARED='gcc -shared'
CYGPATH_W='echo'
D1COMPILER=''
D2COMPILER=''
DDEFAULTVERSION=''
DEFS='-DHAVE_CONFIG_H'
DEPDIR='.deps'
DLIBPREFIX='lib'
ECHO_C=''
ECHO_N='-n'
ECHO_T=''
EGREP='/bin/grep -E'
ENABLE_CCACHE='1'
EXEEXT=''
EXTRA_CLEAN=''
GCJ=''
GCJH=''
GO=''
GOGCC=''
GREP='/bin/grep'
GUILE=''
GUILEINCLUDE=''
GUILELIB=''
GUILELINK='-L -lguile'
GUILE_CONFIG=''
GUILE_GH_INTERFACE=''
GUILE_SCM_INTERFACE=''
GUILE_SO='.so'
INSTALL_DATA='${INSTALL} -m 644'
INSTALL_PROGRAM='${INSTALL}'
INSTALL_SCRIPT='${INSTALL}'
INSTALL_STRIP_PROGRAM='$(install_sh) -c -s'
JAVA='java'
JAVAC='javac'
JAVACFLAGS=''
JAVACXXSHARED='$(CXXSHARED)'
JAVADYNAMICLINKING=''
JAVAINC='-I"/usr/lib/jvm/java-1.6.0-openjdk/include" -I"/usr/lib/jvm/java-1.6.0-openjdk/include"'
JAVALDSHARED='$(LDSHARED)'
JAVALIBRARYPREFIX='lib'
JAVASO='.so'
LDFLAGS=''
LDSHARED='gcc -shared'
LIBC=''
LIBCRYPT='-lcrypt'
LIBM='-lieee -lm'
LIBOBJS=''
LIBS='-ldl  -L/usr/lib/x86_64-linux-gnu -lpcre'
LINKFORSHARED='-Xlinker -export-dynamic'
LTLIBOBJS=''
LUABIN=''
LUADYNAMICLINKING=''
LUAFLAGS=''
LUALINK=' -llualib'
LUA_SO='.so'
MAKEINFO='${SHELL} /home/xpacula/diploma/SWIG-Matlab/swig-2.0.4/Tools/config/missing --run makeinfo'
MKDIR_P='/bin/mkdir -p'
MZC=''
MZDYNOBJ=''
MZSCHEME=''
MZSCHEME_SO='.so'
OBJEXT='o'
OCAMLBIN='yes'
OCAMLC=':'
OCAMLDLGEN=':'
OCAMLFIND=':'
OCAMLINC=''
OCAMLLOC='loc'
OCAMLMKTOP=':'
OCAMLVER=''
OCTAVE=''
OCTAVECCFLAGS=''
OCTAVEDYNAMICLINKING=''
OCTAVEEXT=''
OCTAVELIB=''
OCTAVE_SO='.oct'
PACKAGE='swig'
PACKAGE_BUGREPORT='http://www.swig.org'
PACKAGE_NAME='swig'
PACKAGE_STRING='swig 2.0.4'
PACKAGE_TARNAME='swig'
PACKAGE_URL=''
PACKAGE_VERSION='2.0.4'
PATH_SEPARATOR=':'
PCRE_CFLAGS=''
PCRE_CONFIG='/usr/bin/pcre-config'
PCRE_LIBS='-L/usr/lib/x86_64-linux-gnu -lpcre'
PERL5CCFLAGS='-D_REENTRANT -D_GNU_SOURCE -DDEBIAN -fno-strict-aliasing -pipe -fstack-protector -isystem /usr/local/include -D_LARGEFILE_SOURCE -D_FILE_OFFSET_BITS=64'
PERL5DYNAMICLINKING=''
PERL5EXT='/usr/lib/perl/5.12/CORE'
PERL5LIB='perl.so.5.12.4'
PERL='perl'
PHP=''
PHPINC=''
PHP_SO='.so'
PIKE=''
PIKECCDLFLAGS=''
PIKECONFIG=''
PIKEDYNAMICLINKING=''
PIKEINCLUDE=''
PLATFLAGS=''
PY3CONFIG=''
PY3INCLUDE=''
PY3LIB=''
PY3LINK=''
PYINCLUDE=''
PYLIB='/usr/lib/python2.7/config'
PYLINK='-lpython2.7'
PYTHON3=''
PYTHON3DYNAMICLINKING=''
PYTHON='python'
PYTHONDYNAMICLINKING=''
PYTHON_SO='.so'
RANLIB='ranlib'
RBIN=''
ROOT_DIR='/home/xpacula/diploma/SWIG-Matlab/swig-2.0.4'
RPATH='-Xlinker -rpath $(exec_prefix)/lib -Xlinker -rpath .'
RUBY='ruby'
RUBYCCDLFLAGS=' -fPIC'
RUBYDYNAMICLINKING=''
RUBYINCLUDE='-I/usr/lib/ruby/1.8/x86_64-linux'
RUBYLIB='/usr/lib'
RUBYLINK='-lruby1.8 -lpthread -lrt -ldl -lcrypt -lm '
SED='/bin/sed'
SET_MAKE=''
SHELL='/bin/bash'
SKIP_ALLEGROCL='1'
SKIP_CFFI='1'
SKIP_CHICKEN='1'
SKIP_CLISP='1'
SKIP_CSHARP='1'
SKIP_D='1'
SKIP_GCJ='1'
SKIP_GO='1'
SKIP_GUILE='1'
SKIP_GUILESCM='1'
SKIP_JAVA=''
SKIP_LUA='1'
SKIP_MODULA3='1'
SKIP_MZSCHEME='1'
SKIP_OCAML='1'
SKIP_OCTAVE='1'
SKIP_PERL5=''
SKIP_PHP='1'
SKIP_PIKE='1'
SKIP_PYTHON3='1'
SKIP_PYTHON='1'
SKIP_R='1'
SKIP_RUBY=''
SKIP_TCL='1'
SKIP_UFFI='1'
SO='.so'
STRIP=''
SWIGLIBS=''
SWIG_LIB='/usr/local/share/swig/2.0.4'
SWILL=''
TCLCXXSHARED='$(CXXSHARED)'
TCLDYNAMICLINKING=''
TCLINCLUDE=''
TCLLDSHARED='$(LDSHARED)'
TCLLIB=''
TCL_SO='.so'
TRYLINKINGWITHCXX='CXXSHARED= g++ -shared '
VERSION='2.0.4'
XINCLUDES='# no special path needed'
XLIBSW='-lX11'
XMKMF=''
YACC='bison -y'
YFLAGS=''
YODL2HTML=''
YODL2MAN=''
ac_aux_dir='Tools/config'
ac_ct_CC='gcc'
ac_ct_CXX='g++'
am__EXEEXT_FALSE=''
am__EXEEXT_TRUE='#'
am__fastdepCC_FALSE='#'
am__fastdepCC_TRUE=''
am__fastdepCXX_FALSE='#'
am__fastdepCXX_TRUE=''
am__include='include'
am__isrc=''
am__leading_dot='.'
am__quote=''
am__tar='${AMTAR} chof - "$$tardir"'
am__untar='${AMTAR} xf -'
bindir='${exec_prefix}/bin'
build='x86_64-unknown-linux-gnu'
build_alias=''
build_cpu='x86_64'
build_os='linux-gnu'
build_vendor='unknown'
datadir='${datarootdir}'
datarootdir='${prefix}/share'
docdir='${datarootdir}/doc/${PACKAGE_TARNAME}'
dvidir='${docdir}'
exec_prefix='${prefix}'
host='x86_64-unknown-linux-gnu'
host_alias=''
host_cpu='x86_64'
host_os='linux-gnu'
host_vendor='unknown'
htmldir='${docdir}'
includedir='${prefix}/include'
infodir='${datarootdir}/info'
install_sh='${SHELL} /home/xpacula/diploma/SWIG-Matlab/swig-2.0.4/Tools/config/install-sh'
libdir='${exec_prefix}/lib'
libexecdir='${exec_prefix}/libexec'
localedir='${datarootdir}/locale'
localstatedir='${prefix}/var'
mandir='${datarootdir}/man'
mkdir_p='/bin/mkdir -p'
oldincludedir='/usr/include'
pdfdir='${docdir}'
prefix='/usr/local'
program_transform_name='s,x,x,'
psdir='${docdir}'
sbindir='${exec_prefix}/sbin'
sharedstatedir='${prefix}/com'
subdirs=' CCache'
swig_lib='${datarootdir}/swig/2.0.4'
sysconfdir='${prefix}/etc'
target_alias=''

## ----------- ##
## confdefs.h. ##
## ----------- ##

/* confdefs.h */
#define PACKAGE_NAME "swig"
#define PACKAGE_TARNAME "swig"
#define PACKAGE_VERSION "2.0.4"
#define PACKAGE_STRING "swig 2.0.4"
#define PACKAGE_BUGREPORT "http://www.swig.org"
#define PACKAGE_URL ""
#define PACKAGE "swig"
#define VERSION "2.0.4"
#define SWIG_CXX "g++"
#define SWIG_PLATFORM "x86_64-unknown-linux-gnu"
#define STDC_HEADERS 1
#define HAVE_SYS_TYPES_H 1
#define HAVE_SYS_STAT_H 1
#define HAVE_STDLIB_H 1
#define HAVE_STRING_H 1
#define HAVE_MEMORY_H 1
#define HAVE_STRINGS_H 1
#define HAVE_INTTYPES_H 1
#define HAVE_STDINT_H 1
#define HAVE_UNISTD_H 1
#define HAVE_BOOL 1
#define HAVE_POPEN 1
#define HAVE_PCRE 1
#define HAVE_LIBDL 1
#define SWIG_LIB "/usr/local/share/swig/2.0.4"
#define SWIG_LIB_WIN_UNIX ""

configure: exit 0
